2024-08-21T02:26:22.960399+0300| INFO | Pressed back button, returns KeyboardM
2024-08-21T14:03:25.832302+0300| INFO | Signed in tomatocoder as master
2024-08-21T14:03:30.952389+0300| INFO | Pressed back button, returns KeyboardM
2024-08-21T14:03:35.011390+0300| INFO | Formed and send list of players tomatocoder <i>1</i>| <b>dilfd</b>

2024-08-21T14:03:36.203769+0300| INFO | Pressed back button, returns KeyboardM
2024-08-21T14:05:36.976700+0300| INFO | Signed in tomatocoder as master
2024-08-21T14:05:39.618935+0300| INFO | Formed and send list of players tomatocoder <i>1</i>| <b>dilfd</b>

2024-08-21T14:05:40.566364+0300| INFO | Pressed back button, returns KeyboardM
2024-08-21T14:05:43.627755+0300| INFO | Setting first state in adding/deleting user
2024-08-21T14:05:44.083196+0300| INFO | Go to second state, handle username
2024-08-21T14:05:44.087304+0300| SUCCESS | Updated column master of dilfd from tomatocoder to 'None'
2024-08-21T14:05:45.778807+0300| INFO | Setting first state in adding/deleting user
2024-08-21T14:05:46.996223+0300| INFO | Go to second state, handle username
2024-08-21T14:05:47.549437+0300| SUCCESS | Updated column master of dilfd from 'None' to tomatocoder
2024-08-21T14:06:51.757454+0300| INFO | Pressed back_get_info button, returns KeyboardCheck
2024-08-21T14:06:53.685211+0300| INFO | Pressed back button, returns KeyboardM
2024-08-21T14:06:59.818918+0300| INFO | Pressed back_plot_info button, returns KeyboardStooryLine
2024-08-21T14:07:00.551642+0300| INFO | Pressed back_more_info button, returns KeyboardInfo
2024-08-21T14:10:26.567007+0300| INFO | Signed in tomatocoder as master
2024-08-21T14:11:13.398586+0300| INFO | Pressed back_get_info button, returns KeyboardCheck
2024-08-21T14:15:58.565081+0300| INFO | Signed in tomatocoder as master
2024-08-21T14:16:11.140207+0300| INFO | Pressed back_get_info button, returns KeyboardCheck
2024-08-21T14:17:03.197223+0300| INFO | Pressed back_get_info button, returns KeyboardCheck
2024-08-21T14:17:08.110315+0300| INFO | Pressed back_more_info button, returns KeyboardInfo
2024-08-21T14:18:16.289026+0300| INFO | Signed in tomatocoder as master
2024-08-21T14:18:24.825677+0300| INFO | Begin generating image with caption Осел в повидле
2024-08-21T14:41:19.065560+0300| INFO | Signed in tomatocoder as master
2024-08-21T14:41:25.501867+0300| INFO | Begin generating image with caption Осел в повидле
2024-08-21T14:45:44.007896+0300| INFO | Signed in tomatocoder as master
2024-08-21T14:45:50.624236+0300| INFO | Begin generating image with caption Панда с торотом
2024-08-21T14:47:53.341964+0300| ERROR | a bytes-like object is required, not 'NoneType'
2024-08-21T14:48:03.911430+0300| INFO | Pressed back button, returns KeyboardM
2024-08-21T14:48:46.777865+0300| INFO | Signed in tomatocoder as master
2024-08-21T14:48:53.643748+0300| INFO | Begin generating image with caption панда с деревом
2024-08-21T14:50:57.024754+0300| ERROR | a bytes-like object is required, not 'NoneType'
2024-08-21T14:54:10.773043+0300| INFO | Signed in tomatocoder as master
2024-08-21T14:54:12.911908+0300| INFO | Formed and send list of players tomatocoder <i>1</i>| <b>dilfd</b>

2024-08-21T14:54:13.969790+0300| INFO | Pressed back button, returns KeyboardM
2024-08-21T14:54:24.126922+0300| INFO | Begin generating image with caption Панда с апельсиновым соком
2024-08-21T14:55:46.917135+0300| INFO | Signed in tomatocoder as master
2024-08-21T14:55:51.481053+0300| INFO | Begin generating image with caption Панда с апельсиновым соком
2024-08-21T14:57:53.506613+0300| ERROR | a bytes-like object is required, not 'NoneType'
2024-08-21T15:32:25.045527+0300| INFO | Signed in tomatocoder as master
2024-08-21T15:32:26.413436+0300| INFO | Formed and send list of players tomatocoder <i>1</i>| <b>dilfd</b>

2024-08-21T15:32:27.232825+0300| INFO | Pressed back button, returns KeyboardM
2024-08-21T15:41:44.185794+0300| INFO | Pressed back_get_info button, returns KeyboardCheck
2024-08-21T15:41:47.811964+0300| INFO | Pressed back_more_info button, returns KeyboardInfo
2024-08-21T15:41:50.166948+0300| INFO | Pressed back_more_info button, returns KeyboardInfo
2024-08-21T15:41:58.504262+0300| INFO | Pressed back_more_info button, returns KeyboardInfo
2024-08-21T15:42:00.133878+0300| INFO | Pressed back button, returns KeyboardM
2024-08-21T15:42:08.449362+0300| INFO | Pressed back_quest button, returns KeyboardQuestGen
2024-08-21T15:43:13.488664+0300| INFO | Pressed back_quest button, returns KeyboardQuestGen
2024-08-21T15:43:18.385330+0300| INFO | Pressed back_quest_more button, returns KeyboardQuestInfo
2024-08-21T15:43:20.396288+0300| INFO | Pressed back_quest_more button, returns KeyboardQuestInfo
2024-08-21T15:43:21.069867+0300| INFO | Pressed back_quest button, returns KeyboardQuestGen
2024-08-21T15:43:22.242153+0300| INFO | Pressed back button, returns KeyboardM
2024-08-21T15:43:41.933780+0300| INFO | Pressed back_quest button, returns KeyboardQuestGen
2024-08-21T15:43:42.877069+0300| INFO | Pressed back button, returns KeyboardM
2024-08-21T15:44:22.396761+0300| INFO | Formed and send list of players tomatocoder <i>1</i>| <b>dilfd</b>

2024-08-21T15:44:23.011631+0300| INFO | Pressed back button, returns KeyboardM
2024-08-21T15:44:37.704057+0300| SUCCESS | Sending to 1254715346 survey before game
2024-08-21T15:44:39.345824+0300| INFO | Get value from Google Sheet, collecting data from A2 to K500
2024-08-21T15:44:40.884581+0300| SUCCESS | Deleted from ответы value fromm A12 to K12
2024-08-21T15:44:40.885986+0300| SUCCESS | Deleting previous answers of dilfd before game
2024-08-21T15:44:54.049312+0300| INFO | Pressed back button, returns KeyboardM
2024-08-21T15:44:59.096878+0300| INFO | Begin generating image with caption Панда с апельсиновым соком
2024-08-21T15:47:01.868292+0300| ERROR | a bytes-like object is required, not 'NoneType'
2024-08-21T15:47:18.836793+0300| INFO | Signed in tomatocoder as master
2024-08-21T15:47:25.895298+0300| INFO | Begin generating image with caption Панда с апельсиновым соком
2024-08-21T15:49:43.927656+0300| DEBUG | created
2024-08-21T15:49:45.053514+0300| SUCCESS | Generated new image in images/image.png with caption: Панда с апельсиновым соком
2024-08-21T15:49:59.615443+0300| INFO | Pressed back button, returns KeyboardM
2024-08-21T15:50:26.902414+0300| INFO | Begin generating image with caption Красная панда с апельсиновым соком в лесу полном высоких деревьев в стиле студии Гибли и ретро эффектом
2024-08-21T15:53:11.903323+0300| DEBUG | created
2024-08-21T15:53:13.252107+0300| SUCCESS | Generated new image in images/image.png with caption: Красная панда с апельсиновым соком в лесу полном высоких деревьев в стиле студии Гибли и ретро эффектом
2024-08-21T15:53:21.786632+0300| INFO | Pressed back button, returns KeyboardM
2024-08-21T18:14:10.371637+0300| INFO | Begin generating image with caption Негро-мужиколюб олень
2024-08-21T18:15:01.838977+0300| DEBUG | created
2024-08-21T18:15:03.116392+0300| SUCCESS | Generated new image in images/image.png with caption: Негро-мужиколюб олень
2024-08-21T18:15:57.532259+0300| INFO | Pressed back button, returns KeyboardM
2024-08-21T18:16:03.055692+0300| INFO | Begin generating image with caption Негро-гей олень
2024-08-21T18:16:44.267990+0300| DEBUG | created
2024-08-21T18:16:44.858161+0300| SUCCESS | Generated new image in images/image.png with caption: Негро-гей олень
2024-08-21T18:16:57.903449+0300| INFO | Pressed back button, returns KeyboardM
2024-08-21T18:17:07.607954+0300| INFO | Begin generating image with caption Негро-заднеприводный олень
2024-08-21T18:17:53.834006+0300| DEBUG | created
2024-08-21T18:17:54.524952+0300| SUCCESS | Generated new image in images/image.png with caption: Негро-заднеприводный олень
2024-08-21T18:18:54.024671+0300| INFO | Pressed back button, returns KeyboardM
2024-08-21T18:19:10.744851+0300| INFO | Begin generating image with caption Негро-обезьянка прыгает по ветке и кричит уга буга
2024-08-21T18:20:07.055508+0300| DEBUG | created
2024-08-21T18:20:08.128697+0300| SUCCESS | Generated new image in images/image.png with caption: Негро-обезьянка прыгает по ветке и кричит уга буга
2024-08-21T18:20:22.899743+0300| INFO | Pressed back button, returns KeyboardM
2024-08-21T18:20:44.137429+0300| INFO | Begin generating image with caption Страстный Любитель получить под зад радуется подарку
2024-08-21T18:22:00.887319+0300| DEBUG | created
2024-08-21T18:22:01.689764+0300| SUCCESS | Generated new image in images/image.png with caption: Страстный Любитель получить под зад радуется подарку
2024-08-21T18:22:21.181943+0300| INFO | Pressed back button, returns KeyboardM
2024-08-21T18:22:36.868589+0300| INFO | Begin generating image with caption двое мужчин страстно целуются на фоне салюта в Нью-Йорке
2024-08-21T18:23:12.860059+0300| DEBUG | created
2024-08-21T18:23:13.433106+0300| SUCCESS | Generated new image in images/image.png with caption: двое мужчин страстно целуются на фоне салюта в Нью-Йорке
2024-08-21T18:28:31.417615+0300| INFO | Pressed back button, returns KeyboardM
2024-08-21T18:28:41.791925+0300| INFO | Begin generating image with caption двое мужчин чмокаются на фоне салюта в Нью-Йорке
2024-08-21T18:29:32.950176+0300| DEBUG | created
2024-08-21T18:29:33.511053+0300| SUCCESS | Generated new image in images/image.png with caption: двое мужчин чмокаются на фоне салюта в Нью-Йорке
2024-08-21T18:29:44.562122+0300| INFO | Pressed back button, returns KeyboardM
2024-08-21T18:29:57.049585+0300| INFO | Begin generating image with caption двое мужчин нежаться на фоне салюта в Нью-Йорке
2024-08-21T18:31:18.822388+0300| DEBUG | created
2024-08-21T18:31:19.402384+0300| SUCCESS | Generated new image in images/image.png with caption: двое мужчин нежаться на фоне салюта в Нью-Йорке
2024-08-21T18:43:04.651658+0300| INFO | Signed in tomatocoder as master
2024-08-21T18:44:56.260955+0300| INFO | Signed in tomatocoder as master
2024-08-21T18:44:58.007215+0300| INFO | Formed and send list of players tomatocoder <i>1</i>| <b>dilfd</b>

2024-08-21T18:44:58.881687+0300| INFO | Pressed back button, returns KeyboardM
2024-08-21T20:35:48.716790+0300| INFO | Signed in tomatocoder as master
2024-08-21T20:35:48.731730+0300| INFO | Signed in tomatocoder as master
2024-08-21T20:35:48.753945+0300| INFO | Signed in tomatocoder as master
2024-08-21T23:17:30.486004+0300| INFO | Signed in dilfd as user
2024-08-21T23:17:41.585787+0300| INFO | Begin changing role
2024-08-21T23:17:42.274211+0300| WARNING | dilfd is part of master's room
2024-08-21T23:17:50.393178+0300| INFO | Signed in tomatocoder as master
2024-08-21T23:17:52.449998+0300| INFO | Setting first state in adding/deleting user
2024-08-21T23:17:55.004543+0300| INFO | Go to second state, handle username
2024-08-21T23:17:55.006869+0300| SUCCESS | Updated column master of dilfd from tomatocoder to 'None'
2024-08-21T23:18:01.448407+0300| INFO | Begin changing role
2024-08-21T23:18:01.450140+0300| SUCCESS | Updated role from Player to Master dilfd
2024-08-21T23:18:01.450574+0300| SUCCESS | Updated ID of dilfd
2024-08-21T23:18:06.114582+0300| INFO | Begin changing role
2024-08-21T23:18:06.116138+0300| SUCCESS | Updated role from Master to Player tomatocoder
2024-08-21T23:18:06.117103+0300| SUCCESS | Updated ID of tomatocoder
2024-08-21T23:18:26.517725+0300| INFO | Pressed back button, returns KeyboardM
2024-08-21T23:18:31.772936+0300| INFO | Setting first state in adding/deleting user
2024-08-21T23:18:44.269819+0300| INFO | Go to second state, handle username
2024-08-21T23:18:45.426058+0300| SUCCESS | Updated column master of tomatocoder from 'None' to dilfd
2024-08-21T23:18:50.540718+0300| INFO | Formed and send list of players dilfd <i>1</i>| <b>tomatocoder</b>

2024-08-21T23:18:53.751286+0300| INFO | Pressed back button, returns KeyboardM
2024-08-21T23:19:02.149987+0300| SUCCESS | Sending to 935362677 survey before game
2024-08-21T23:19:06.089784+0300| INFO | Get value from Google Sheet, collecting data from A2 to K500
2024-08-21T23:19:06.091145+0300| SUCCESS | Deleting previous answers of tomatocoder before game
2024-08-21T23:20:11.652216+0300| INFO | Pressed back_get_info button, returns KeyboardCheck
2024-08-21T23:20:18.632906+0300| INFO | Pressed back_get_info button, returns KeyboardCheck
2024-08-21T23:20:20.516590+0300| INFO | Pressed back button, returns KeyboardM
2024-08-21T23:22:56.511500+0300| INFO | Pressed back_get_info button, returns KeyboardCheck
2024-08-21T23:26:16.851954+0300| INFO | Pressed back_plot_info button, returns KeyboardStooryLine
2024-08-21T23:26:36.096516+0300| INFO | Pressed back_plot_info button, returns KeyboardStooryLine
2024-08-21T23:26:39.950527+0300| INFO | Pressed back_more_info button, returns KeyboardInfo
2024-08-21T23:30:06.948070+0300| INFO | Pressed back_more_info button, returns KeyboardInfo
2024-08-21T23:35:09.262887+0300| INFO | Pressed back_more_info_without_edit button, returns KeyboardInfo
2024-08-21T23:35:23.666278+0300| INFO | Pressed back_more_info button, returns KeyboardInfo
2024-08-21T23:35:27.317478+0300| INFO | Pressed back_more_info button, returns KeyboardInfo
2024-08-21T23:35:42.670493+0300| INFO | Pressed back_more_info button, returns KeyboardInfo
2024-08-21T23:35:46.433928+0300| INFO | Pressed back button, returns KeyboardM
2024-08-21T23:36:42.256045+0300| INFO | Pressed back_quest button, returns KeyboardQuestGen
2024-08-21T23:41:49.079136+0300| INFO | Pressed back_quest_more button, returns KeyboardQuestInfo
2024-08-21T23:42:07.127935+0300| INFO | Pressed back_quest_more button, returns KeyboardQuestInfo
2024-08-21T23:42:08.766172+0300| INFO | Pressed back_quest button, returns KeyboardQuestGen
2024-08-21T23:42:22.116714+0300| INFO | Pressed back button, returns KeyboardM
2024-08-21T23:42:28.930198+0300| SUCCESS | Sending to 935362677 survey before game
2024-08-21T23:42:35.703645+0300| INFO | Get value from Google Sheet, collecting data from A2 to K500
2024-08-21T23:43:36.747246+0300| SUCCESS | Sending to 935362677 survey before game
2024-08-21T23:43:49.090930+0300| INFO | Get value from Google Sheet, collecting data from A2 to K500
2024-08-21T23:43:56.004079+0300| SUCCESS | Deleted from ответы value fromm A13 to K13
2024-08-21T23:43:56.005962+0300| SUCCESS | Deleting previous answers of tomatocoder before game
2024-08-22T00:05:19.146874+0300| INFO | Begin changing role
2024-08-22T00:05:19.477456+0300| WARNING | tomatocoder is part of master's room
2024-08-22T00:05:25.705047+0300| INFO | Pressed back button, returns KeyboardM
2024-08-22T00:05:29.376315+0300| INFO | Setting first state in adding/deleting user
2024-08-22T00:05:35.043934+0300| INFO | Go to second state, handle username
2024-08-22T00:05:35.047300+0300| SUCCESS | Updated column master of tomatocoder from dilfd to 'None'
2024-08-22T00:08:26.924328+0300| INFO | Begin changing role
2024-08-22T00:08:26.957998+0300| SUCCESS | Updated role from Player to Master tomatocoder
2024-08-22T00:08:26.964751+0300| SUCCESS | Updated ID of tomatocoder
2024-08-22T00:08:39.220089+0300| INFO | Pressed back button, returns KeyboardM
2024-08-22T00:08:40.028394+0300| INFO | Setting first state in adding/deleting user
2024-08-22T00:08:41.530529+0300| INFO | Go to second state, handle username
2024-08-22T00:08:41.794865+0300| SUCCESS | Updated column master of dilfd from 'None' to tomatocoder
2024-08-22T00:11:37.550813+0300| INFO | Signed in tomatocoder as master
2024-08-22T00:11:40.285911+0300| INFO | Pressed back_get_info button, returns KeyboardCheck
2024-08-22T00:13:01.080667+0300| INFO | Signed in tomatocoder as master
2024-08-22T00:15:14.248691+0300| INFO | Signed in tomatocoder as master
2024-08-22T00:15:14.685818+0300| INFO | Signed in tomatocoder as master
2024-08-22T00:15:17.112067+0300| INFO | Signed in tomatocoder as master
2024-08-22T00:20:53.363516+0300| INFO | Pressed back_get_info button, returns KeyboardCheck
2024-08-22T00:25:42.295184+0300| INFO | Signed in tomatocoder as master
2024-08-22T00:26:53.030793+0300| INFO | Pressed back button, returns KeyboardM
2024-08-22T00:27:03.312434+0300| SUCCESS | Sending to 1254715346 survey before game
2024-08-22T00:27:04.965664+0300| INFO | Get value from Google Sheet, collecting data from A2 to K500
2024-08-22T00:27:06.308258+0300| SUCCESS | Deleted from ответы value fromm A14 to K14
2024-08-22T00:27:06.308742+0300| SUCCESS | Deleting previous answers of dilfd before game
